
----- CMSSW configuration -----
input:           file://root://cms-xrd-global.cern.ch//store/data/Run2018A/DoubleMuon/MINIAOD/PromptReco-v3/000/316/995/00000/CE5942A3-D866-E811-8A80-02163E01800D.root 
file type:       miniAOD
data:            True
output:          testKappaSkim_out_101X_dataRun2_Prompt_v10_numEvent100.root
global tag:      101X_dataRun2_Prompt_v10
max events:      100
cmssw version:   CMSSW_10_1_10
---------------------------------

|---- jetToolbox: Initialyzing collection...
|---- jetToolBox: JETTOOLBOX RUNNING ON MiniAOD FOR AK4 JETS USING 
|---- jetToolBox: Applying this corrections: None
|---- jetToolBox: Creating selectedPatJetsAK4PF collection.
************** MC dependence removal ************
removing MC dependencies for jets
|---- jetToolbox: Initialyzing collection...
|---- jetToolBox: JETTOOLBOX RUNNING ON MiniAOD FOR AK4 JETS USING CHS
|---- jetToolBox: Applying this corrections: None
|---- jetToolBox: Running AK4PFCHSpileupJetIdEvaluator.
|---- jetToolBox: Creating selectedPatJetsAK4PFCHS collection.
************** MC dependence removal ************
removing MC dependencies for jets
|---- jetToolbox: Initialyzing collection...
|---- jetToolBox: JETTOOLBOX RUNNING ON MiniAOD FOR AK4 JETS USING Puppi
|---- jetToolBox: Applying this corrections: None
|---- jetToolBox: Creating selectedPatJetsAK4PFPuppi collection.
************** MC dependence removal ************
removing MC dependencies for jets
|---- jetToolbox: Initialyzing collection...
|---- jetToolBox: JETTOOLBOX RUNNING ON MiniAOD FOR AK8 JETS USING 
|---- jetToolBox: Applying this corrections: None
|---- jetToolBox: Creating selectedPatJetsAK8PF collection.
************** MC dependence removal ************
removing MC dependencies for jets
|---- jetToolbox: Initialyzing collection...
|---- jetToolBox: JETTOOLBOX RUNNING ON MiniAOD FOR AK8 JETS USING CHS
|---- jetToolBox: Applying this corrections: None
|---- jetToolBox: Creating selectedPatJetsAK8PFCHS collection.
************** MC dependence removal ************
removing MC dependencies for jets
|---- jetToolbox: Initialyzing collection...
|---- jetToolBox: JETTOOLBOX RUNNING ON MiniAOD FOR AK8 JETS USING Puppi
|---- jetToolBox: Applying this corrections: None
|---- jetToolBox: Creating selectedPatJetsAK8PFPuppi collection.
************** MC dependence removal ************
removing MC dependencies for jets
-------- CONFIGURATION ----------

CMSSW producers:
  nEventsTotal
  nNegEventsTotal
  pfFilter
  pfNoPileUpIso
  pfPileUpIso
  pfPileUp
  pfNoPileUp
  pfAllNeutralHadrons
  pfAllChargedHadrons
  pfAllPhotons
  pfAllChargedParticles
  pfPileUpAllChargedParticles
  pfAllNeutralHadronsAndPhotons
  ak4PFJets
  ak4PFJetsConstituents
  chs
  ak4PFJetsCHS
  ak4PFJetsCHSConstituents
  AK4PFCHSpileupJetIdCalculator
  AK4PFCHSpileupJetIdEvaluator
  puppi
  ak4PFJetsPuppi
  ak4PFJetsPuppiConstituents
  ak8PFJets
  ak8PFJetsConstituents
  chs
  ak8PFJetsCHS
  ak8PFJetsCHSConstituents
  puppi
  ak8PFJetsPuppi
  ak8PFJetsPuppiConstituents
  pfImpactParameterTagInfosAK4PF
  pfTrackCountingHighEffBJetTagsAK4PF
  pfSecondaryVertexTagInfosAK4PF
  pfCombinedSecondaryVertexV2BJetTagsAK4PF
  softPFElectronsTagInfosAK4PF
  softPFMuonsTagInfosAK4PF
  pfInclusiveSecondaryVertexFinderTagInfosAK4PF
  pfCombinedMVAV2BJetTagsAK4PF
  pfCombinedInclusiveSecondaryVertexV2BJetTagsAK4PF
  pfSimpleSecondaryVertexHighPurBJetTagsAK4PF
  pfSimpleSecondaryVertexHighEffBJetTagsAK4PF
  pfJetBProbabilityBJetTagsAK4PF
  pfJetProbabilityBJetTagsAK4PF
  pfTrackCountingHighPurBJetTagsAK4PF
  patJetsAK4PF
  selectedPatJetsAK4PF
  pfImpactParameterTagInfosAK4PFCHS
  pfTrackCountingHighEffBJetTagsAK4PFCHS
  pfSecondaryVertexTagInfosAK4PFCHS
  pfCombinedSecondaryVertexV2BJetTagsAK4PFCHS
  softPFElectronsTagInfosAK4PFCHS
  softPFMuonsTagInfosAK4PFCHS
  pfInclusiveSecondaryVertexFinderTagInfosAK4PFCHS
  pfCombinedMVAV2BJetTagsAK4PFCHS
  pfCombinedInclusiveSecondaryVertexV2BJetTagsAK4PFCHS
  pfSimpleSecondaryVertexHighPurBJetTagsAK4PFCHS
  pfSimpleSecondaryVertexHighEffBJetTagsAK4PFCHS
  pfJetBProbabilityBJetTagsAK4PFCHS
  pfJetProbabilityBJetTagsAK4PFCHS
  pfTrackCountingHighPurBJetTagsAK4PFCHS
  patJetsAK4PFCHS
  selectedPatJetsAK4PFCHS
  pfImpactParameterTagInfosAK4PFPuppi
  pfTrackCountingHighEffBJetTagsAK4PFPuppi
  pfSecondaryVertexTagInfosAK4PFPuppi
  pfCombinedSecondaryVertexV2BJetTagsAK4PFPuppi
  softPFElectronsTagInfosAK4PFPuppi
  softPFMuonsTagInfosAK4PFPuppi
  pfInclusiveSecondaryVertexFinderTagInfosAK4PFPuppi
  pfCombinedMVAV2BJetTagsAK4PFPuppi
  pfCombinedInclusiveSecondaryVertexV2BJetTagsAK4PFPuppi
  pfSimpleSecondaryVertexHighPurBJetTagsAK4PFPuppi
  pfSimpleSecondaryVertexHighEffBJetTagsAK4PFPuppi
  pfJetBProbabilityBJetTagsAK4PFPuppi
  pfJetProbabilityBJetTagsAK4PFPuppi
  pfTrackCountingHighPurBJetTagsAK4PFPuppi
  patJetsAK4PFPuppi
  selectedPatJetsAK4PFPuppi
  pfImpactParameterTagInfosAK8PF
  pfTrackCountingHighEffBJetTagsAK8PF
  pfSecondaryVertexTagInfosAK8PF
  pfCombinedSecondaryVertexV2BJetTagsAK8PF
  softPFElectronsTagInfosAK8PF
  softPFMuonsTagInfosAK8PF
  pfInclusiveSecondaryVertexFinderTagInfosAK8PF
  pfCombinedMVAV2BJetTagsAK8PF
  pfCombinedInclusiveSecondaryVertexV2BJetTagsAK8PF
  pfSimpleSecondaryVertexHighPurBJetTagsAK8PF
  pfSimpleSecondaryVertexHighEffBJetTagsAK8PF
  pfJetBProbabilityBJetTagsAK8PF
  pfJetProbabilityBJetTagsAK8PF
  pfTrackCountingHighPurBJetTagsAK8PF
  patJetsAK8PF
  selectedPatJetsAK8PF
  pfImpactParameterTagInfosAK8PFCHS
  pfTrackCountingHighEffBJetTagsAK8PFCHS
  pfSecondaryVertexTagInfosAK8PFCHS
  pfCombinedSecondaryVertexV2BJetTagsAK8PFCHS
  softPFElectronsTagInfosAK8PFCHS
  softPFMuonsTagInfosAK8PFCHS
  pfInclusiveSecondaryVertexFinderTagInfosAK8PFCHS
  pfCombinedMVAV2BJetTagsAK8PFCHS
  pfCombinedInclusiveSecondaryVertexV2BJetTagsAK8PFCHS
  pfSimpleSecondaryVertexHighPurBJetTagsAK8PFCHS
  pfSimpleSecondaryVertexHighEffBJetTagsAK8PFCHS
  pfJetBProbabilityBJetTagsAK8PFCHS
  pfJetProbabilityBJetTagsAK8PFCHS
  pfTrackCountingHighPurBJetTagsAK8PFCHS
  patJetsAK8PFCHS
  selectedPatJetsAK8PFCHS
  pfImpactParameterTagInfosAK8PFPuppi
  pfTrackCountingHighEffBJetTagsAK8PFPuppi
  pfSecondaryVertexTagInfosAK8PFPuppi
  pfCombinedSecondaryVertexV2BJetTagsAK8PFPuppi
  softPFElectronsTagInfosAK8PFPuppi
  softPFMuonsTagInfosAK8PFPuppi
  pfInclusiveSecondaryVertexFinderTagInfosAK8PFPuppi
  pfCombinedMVAV2BJetTagsAK8PFPuppi
  pfCombinedInclusiveSecondaryVertexV2BJetTagsAK8PFPuppi
  pfSimpleSecondaryVertexHighPurBJetTagsAK8PFPuppi
  pfSimpleSecondaryVertexHighEffBJetTagsAK8PFPuppi
  pfJetBProbabilityBJetTagsAK8PFPuppi
  pfJetProbabilityBJetTagsAK8PFPuppi
  pfTrackCountingHighPurBJetTagsAK8PFPuppi
  patJetsAK8PFPuppi
  selectedPatJetsAK8PFPuppi
  packedPFCandidatesCHSNotFromPV
  nEventsFiltered
  nNegEventsFiltered
  packedPFCandidatesCHS

CMSSW endpath producers:
  kappaTuple,pfJetProbabilityBJetTagsAK4PF,muPFSumDRIsoValueCharged04,muPFMeanDRIsoValueGammaHighThreshold03,ak4PFJetsConstituents,muPFSumDRIsoValueNeutral03,pfTrackCountingHighEffBJetTagsAK4PF,muPFIsoDepositCharged,muPFMeanDRIsoValuePU03,muPFMeanDRIsoValuePU04,muPFSumDRIsoValueChargedAll04,muPFMeanDRIsoValueGammaHighThreshold04,muPFIsoValueNeutral04,muPFMeanDRIsoValueNeutral04,muPFMeanDRIsoValueNeutral03,muPFIsoValueNeutral03,muPFMeanDRIsoValueGamma03,muPFIsoValueGamma04,muPFIsoValueGamma03,pfInclusiveSecondaryVertexFinderTagInfosAK4PF,muPFSumDRIsoValuePU04,pfCombinedMVAV2BJetTagsAK4PF,muPFIsoValueChargedAll03PFIso,muPFSumDRIsoValueChargedAll03,muPFIsoValueCharged04,muPFIsoValueCharged03,pfCombinedSecondaryVertexV2BJetTagsAK4PF,muPFIsoValueCharged03PFIso,patJetsAK4PF,muPFMeanDRIsoValueGamma04,unpackedTracksAndVertices,muPFIsoValueChargedAll03,pfJetBProbabilityBJetTagsAK4PF,muPFIsoDepositPU,patJetGenJetMatchAK4PF,muPFSumDRIsoValueGamma03,muPFSumDRIsoValueGamma04,softPFElectronsTagInfosAK4PF,muPFIsoDepositGamma,muPFIsoValuePU03PFIso,pfImpactParameterTagInfosAK4PF,muPFSumDRIsoValueNeutralHighThreshold03,muPFSumDRIsoValueNeutralHighThreshold04,muPFIsoValueChargedAll04,muPFSumDRIsoValueGammaHighThreshold04,muPFSumDRIsoValueNeutral04,muPFSumDRIsoValueGammaHighThreshold03,pfSimpleSecondaryVertexHighPurBJetTagsAK4PF,softPFMuonsTagInfosAK4PF,muPFSumDRIsoValueCharged03,muPFMeanDRIsoValueCharged03,muPFMeanDRIsoValueCharged04,muPFIsoDepositNeutral,muPFMeanDRIsoValueNeutralHighThreshold03,muPFMeanDRIsoValueNeutralHighThreshold04,pfSimpleSecondaryVertexHighEffBJetTagsAK4PF,patJetPartonMatchAK4PF,muPFIsoValueNeutral03PFIso,muPFIsoValueGammaHighThreshold03,muPFIsoValuePU04,muPFIsoValuePU03,muPFIsoValueGammaHighThreshold04,pfTrackCountingHighPurBJetTagsAK4PF,muPFIsoValueGamma03PFIso,muPFIsoValueNeutralHighThreshold04,muPFIsoValueNeutralHighThreshold03,muPFSumDRIsoValuePU03,pfCombinedInclusiveSecondaryVertexV2BJetTagsAK4PF,ak4PFJets,muPFMeanDRIsoValueChargedAll04,muPFIsoDepositChargedAll,pfSecondaryVertexTagInfosAK4PF,muPFMeanDRIsoValueChargedAll03,pfAllChargedHadrons,pfNoPileUpIso,pfPileUpAllChargedParticles,pfFilter,pfNoPileUp,pfAllNeutralHadrons,pfAllPhotons,pfAllNeutralHadronsAndPhotons,pfPileUpIso,selectedPatJetsAK4PF,pfAllChargedParticles,pfPileUp,softPFMuonsTagInfosAK4PFCHS,pfTrackCountingHighEffBJetTagsAK4PFCHS,pfTrackCountingHighPurBJetTagsAK4PFCHS,patJetGenJetMatchAK4PFCHS,pfCombinedInclusiveSecondaryVertexV2BJetTagsAK4PFCHS,pfImpactParameterTagInfosAK4PFCHS,pfCombinedMVAV2BJetTagsAK4PFCHS,pfJetBProbabilityBJetTagsAK4PFCHS,pfSimpleSecondaryVertexHighPurBJetTagsAK4PFCHS,pfSecondaryVertexTagInfosAK4PFCHS,ak4PFJetsCHSConstituents,patJetsAK4PFCHS,AK4PFCHSpileupJetIdCalculator,pfJetProbabilityBJetTagsAK4PFCHS,AK4PFCHSpileupJetIdEvaluator,patJetPartonMatchAK4PFCHS,pfCombinedSecondaryVertexV2BJetTagsAK4PFCHS,pfSimpleSecondaryVertexHighEffBJetTagsAK4PFCHS,pfInclusiveSecondaryVertexFinderTagInfosAK4PFCHS,ak4PFJetsCHS,softPFElectronsTagInfosAK4PFCHS,chs,selectedPatJetsAK4PFCHS,pfCombinedSecondaryVertexV2BJetTagsAK4PFPuppi,pfSecondaryVertexTagInfosAK4PFPuppi,patJetPartonMatchAK4PFPuppi,ak4PFJetsPuppi,pfCombinedInclusiveSecondaryVertexV2BJetTagsAK4PFPuppi,softPFMuonsTagInfosAK4PFPuppi,pfSimpleSecondaryVertexHighEffBJetTagsAK4PFPuppi,patJetsAK4PFPuppi,pfSimpleSecondaryVertexHighPurBJetTagsAK4PFPuppi,pfJetProbabilityBJetTagsAK4PFPuppi,pfTrackCountingHighPurBJetTagsAK4PFPuppi,puppi,patJetGenJetMatchAK4PFPuppi,pfJetBProbabilityBJetTagsAK4PFPuppi,softPFElectronsTagInfosAK4PFPuppi,pfImpactParameterTagInfosAK4PFPuppi,ak4PFJetsPuppiConstituents,pfTrackCountingHighEffBJetTagsAK4PFPuppi,pfCombinedMVAV2BJetTagsAK4PFPuppi,pfInclusiveSecondaryVertexFinderTagInfosAK4PFPuppi,selectedPatJetsAK4PFPuppi,pfTrackCountingHighEffBJetTagsAK8PF,patJetGenJetMatchAK8PF,ak8PFJets,pfCombinedSecondaryVertexV2BJetTagsAK8PF,pfSecondaryVertexTagInfosAK8PF,pfJetBProbabilityBJetTagsAK8PF,pfTrackCountingHighPurBJetTagsAK8PF,softPFMuonsTagInfosAK8PF,pfImpactParameterTagInfosAK8PF,pfCombinedMVAV2BJetTagsAK8PF,pfSimpleSecondaryVertexHighPurBJetTagsAK8PF,patJetsAK8PF,pfJetProbabilityBJetTagsAK8PF,pfCombinedInclusiveSecondaryVertexV2BJetTagsAK8PF,pfInclusiveSecondaryVertexFinderTagInfosAK8PF,patJetPartonMatchAK8PF,ak8PFJetsConstituents,softPFElectronsTagInfosAK8PF,pfSimpleSecondaryVertexHighEffBJetTagsAK8PF,selectedPatJetsAK8PF,pfCombinedInclusiveSecondaryVertexV2BJetTagsAK8PFCHS,patJetPartonMatchAK8PFCHS,patJetsAK8PFCHS,pfJetProbabilityBJetTagsAK8PFCHS,pfSimpleSecondaryVertexHighEffBJetTagsAK8PFCHS,pfTrackCountingHighEffBJetTagsAK8PFCHS,pfSimpleSecondaryVertexHighPurBJetTagsAK8PFCHS,ak8PFJetsCHSConstituents,pfSecondaryVertexTagInfosAK8PFCHS,pfTrackCountingHighPurBJetTagsAK8PFCHS,patJetGenJetMatchAK8PFCHS,ak8PFJetsCHS,pfJetBProbabilityBJetTagsAK8PFCHS,softPFElectronsTagInfosAK8PFCHS,pfInclusiveSecondaryVertexFinderTagInfosAK8PFCHS,pfCombinedMVAV2BJetTagsAK8PFCHS,pfImpactParameterTagInfosAK8PFCHS,pfCombinedSecondaryVertexV2BJetTagsAK8PFCHS,softPFMuonsTagInfosAK8PFCHS,selectedPatJetsAK8PFCHS,patJetsAK8PFPuppi,pfCombinedInclusiveSecondaryVertexV2BJetTagsAK8PFPuppi,pfSimpleSecondaryVertexHighPurBJetTagsAK8PFPuppi,pfJetBProbabilityBJetTagsAK8PFPuppi,pfImpactParameterTagInfosAK8PFPuppi,pfInclusiveSecondaryVertexFinderTagInfosAK8PFPuppi,patJetPartonMatchAK8PFPuppi,softPFMuonsTagInfosAK8PFPuppi,pfTrackCountingHighPurBJetTagsAK8PFPuppi,ak8PFJetsPuppiConstituents,pfTrackCountingHighEffBJetTagsAK8PFPuppi,pfSimpleSecondaryVertexHighEffBJetTagsAK8PFPuppi,ak8PFJetsPuppi,patJetGenJetMatchAK8PFPuppi,pfCombinedSecondaryVertexV2BJetTagsAK8PFPuppi,pfJetProbabilityBJetTagsAK8PFPuppi,softPFElectronsTagInfosAK8PFPuppi,pfSecondaryVertexTagInfosAK8PFPuppi,pfCombinedMVAV2BJetTagsAK8PFPuppi,selectedPatJetsAK8PFPuppi

Kappa producers:
  BeamSpot
  DataInfo
  FilterSummary
  Muons
  PatJets
  PatMET
  PileupDensity
  TriggerObjectStandalone
  VertexSummary
---------------------------------
19-Sep-2018 19:35:49 CEST  Initiating request to open file file://root://cms-xrd-global.cern.ch//store/data/Run2018A/DoubleMuon/MINIAOD/PromptReco-v3/000/316/995/00000/CE5942A3-D866-E811-8A80-02163E01800D.root
%MSG-w XrdAdaptor:  file_open 19-Sep-2018 19:35:53 CEST pre-events
Data is served from TR-03-METU instead of original site T2_CH_CERN
%MSG
19-Sep-2018 19:35:54 CEST  Successfully opened file file://root://cms-xrd-global.cern.ch//store/data/Run2018A/DoubleMuon/MINIAOD/PromptReco-v3/000/316/995/00000/CE5942A3-D866-E811-8A80-02163E01800D.root
Start Kappa producer KTuple
Init producer DataInfo using config from Info
Init producer VertexSummary using config from VertexSummary
Init producer BeamSpot using config from BeamSpot
Init producer TriggerObjectStandalone using config from TriggerObjectStandalone
Init producer Muons using config from Muons
Init producer PatJets using config from PatJets
Init producer PileupDensity using config from PileupDensity
Init producer PatMET using config from PatMET
Init producer FilterSummary using config from FilterSummary
[2018-09-19 19:36:03.477772 +0200][Error  ][AsyncSock         ] [xrootd-cms.infn.it:1213 #0.0] Socket error while handshaking: [ERROR] Socket error: Connection reset by peer
[2018-09-19 19:36:03.544452 +0200][Error  ][AsyncSock         ] [xrootd-cms.infn.it:1213 #0.0] Socket error while handshaking: [ERROR] Socket error: Connection reset by peer
[2018-09-19 19:36:03.607527 +0200][Error  ][AsyncSock         ] [xrootd-cms.infn.it:1213 #0.0] Socket error while handshaking: [ERROR] Socket error: Connection reset by peer
[2018-09-19 19:36:03.716589 +0200][Error  ][AsyncSock         ] [xrootd-cms.infn.it:1213 #0.0] Socket error while handshaking: [ERROR] Socket error: Connection reset by peer
[2018-09-19 19:36:03.795687 +0200][Error  ][AsyncSock         ] [xrootd-cms.infn.it:1213 #0.0] Socket error while handshaking: [ERROR] Socket error: Connection reset by peer
[2018-09-19 19:36:03.870023 +0200][Error  ][AsyncSock         ] [xrootd-cms.infn.it:1213 #0.0] Socket error while handshaking: [ERROR] Socket error: Connection reset by peer
%MSG-w KDataInfoProducer:  KTuple:kappaTuple@beginLumi  19-Sep-2018 19:36:04 CEST Run: 316995 Lumi: 174
Warning: No edm lumi information found! All lumi values are set to zero.
%MSG
Begin processing the 1st record. Run 316995, Event 252064551, LumiSection 174 on stream 0 at 19-Sep-2018 19:36:05.607 CEST
[2018-09-19 19:36:34.166942 +0200][Error  ][AsyncSock         ] [xrootd-cms.infn.it:1213 #0.0] Socket error while handshaking: [ERROR] Socket error: Connection reset by peer
[2018-09-19 19:36:34.246173 +0200][Error  ][AsyncSock         ] [xrootd-cms.infn.it:1213 #0.0] Socket error while handshaking: [ERROR] Socket error: Connection reset by peer
[2018-09-19 19:36:34.330661 +0200][Error  ][AsyncSock         ] [xrootd-cms.infn.it:1213 #0.0] Socket error while handshaking: [ERROR] Socket error: Connection reset by peer
[2018-09-19 19:36:34.411067 +0200][Error  ][AsyncSock         ] [xrootd-cms.infn.it:1213 #0.0] Socket error while handshaking: [ERROR] Socket error: Connection reset by peer
[2018-09-19 19:36:34.485240 +0200][Error  ][AsyncSock         ] [xrootd-cms.infn.it:1213 #0.0] Socket error while handshaking: [ERROR] Socket error: Connection reset by peer
[2018-09-19 19:36:34.548301 +0200][Error  ][AsyncSock         ] [xrootd-cms.infn.it:1213 #0.0] Socket error while handshaking: [ERROR] Socket error: Connection reset by peer
[2018-09-19 19:36:34.548462 +0200][Error  ][PostMaster        ] [xrootd-cms.infn.it:1213 #0] Unable to recover: [ERROR] Socket error: Connection reset by peer.
[2018-09-19 19:36:34.548546 +0200][Error  ][XRootD            ] [xrootd-cms.infn.it:1213] Impossible to send message kXR_open (file: /store/data/Run2018A/DoubleMuon/MINIAOD/PromptReco-v3/000/316/995/00000/CE5942A3-D866-E811-8A80-02163E01800D.root?tried=+eymir.grid.metu.fedredir_cms@eymir.grid.metu.edu.tr,bafa.grid.metu.edu.tr, mode: 0660, flags: kXR_open_read kXR_async kXR_retstat ). Trying to recover.
%MSG-w XrdAdaptor:  (NoModuleName) 19-Sep-2018 19:36:35 CEST pre-events
Data is now served from TR-03-METU, [2001 instead of previous TR-03-METU
%MSG
19-Sep-2018 19:36:46 CEST  Closed file file://root://cms-xrd-global.cern.ch//store/data/Run2018A/DoubleMuon/MINIAOD/PromptReco-v3/000/316/995/00000/CE5942A3-D866-E811-8A80-02163E01800D.root

TrigReport ---------- Event  Summary ------------
TrigReport Events total = 100 passed = 100 failed = 0

TrigReport ---------- Path   Summary ------------
TrigReport  Trig Bit#   Executed     Passed     Failed      Error Name
TrigReport     1    0        100        100          0          0 path

TrigReport -------End-Path   Summary ------------
TrigReport  Trig Bit#   Executed     Passed     Failed      Error Name
TrigReport     0    0        100        100          0          0 endpath

TrigReport ---------- Modules in Path: path ------------
TrigReport  Trig Bit#    Visited     Passed     Failed      Error Name
TrigReport     1    0        100        100          0          0 nEventsTotal
TrigReport     1    1        100        100          0          0 nNegEventsTotal
TrigReport     1    2        100        100          0          0 pfFilter
TrigReport     1    3        100        100          0          0 pfNoPileUpIso
TrigReport     1    4        100        100          0          0 pfPileUpIso
TrigReport     1    5        100        100          0          0 pfPileUp
TrigReport     1    6        100        100          0          0 pfNoPileUp
TrigReport     1    7        100        100          0          0 pfAllNeutralHadrons
TrigReport     1    8        100        100          0          0 pfAllChargedHadrons
TrigReport     1    9        100        100          0          0 pfAllPhotons
TrigReport     1   10        100        100          0          0 pfAllChargedParticles
TrigReport     1   11        100        100          0          0 pfPileUpAllChargedParticles
TrigReport     1   12        100        100          0          0 pfAllNeutralHadronsAndPhotons
TrigReport     1   13        100        100          0          0 ak4PFJets
TrigReport     1   14        100        100          0          0 ak4PFJetsConstituents
TrigReport     1   15        100        100          0          0 chs
TrigReport     1   16        100        100          0          0 ak4PFJetsCHS
TrigReport     1   17        100        100          0          0 ak4PFJetsCHSConstituents
TrigReport     1   18        100        100          0          0 AK4PFCHSpileupJetIdCalculator
TrigReport     1   19        100        100          0          0 AK4PFCHSpileupJetIdEvaluator
TrigReport     1   20        100        100          0          0 puppi
TrigReport     1   21        100        100          0          0 ak4PFJetsPuppi
TrigReport     1   22        100        100          0          0 ak4PFJetsPuppiConstituents
TrigReport     1   23        100        100          0          0 ak8PFJets
TrigReport     1   24        100        100          0          0 ak8PFJetsConstituents
TrigReport     1   25        100        100          0          0 chs
TrigReport     1   26        100        100          0          0 ak8PFJetsCHS
TrigReport     1   27        100        100          0          0 ak8PFJetsCHSConstituents
TrigReport     1   28        100        100          0          0 puppi
TrigReport     1   29        100        100          0          0 ak8PFJetsPuppi
TrigReport     1   30        100        100          0          0 ak8PFJetsPuppiConstituents
TrigReport     1   31        100        100          0          0 pfImpactParameterTagInfosAK4PF
TrigReport     1   32        100        100          0          0 pfTrackCountingHighEffBJetTagsAK4PF
TrigReport     1   33        100        100          0          0 pfSecondaryVertexTagInfosAK4PF
TrigReport     1   34        100        100          0          0 pfCombinedSecondaryVertexV2BJetTagsAK4PF
TrigReport     1   35        100        100          0          0 softPFElectronsTagInfosAK4PF
TrigReport     1   36        100        100          0          0 softPFMuonsTagInfosAK4PF
TrigReport     1   37        100        100          0          0 pfInclusiveSecondaryVertexFinderTagInfosAK4PF
TrigReport     1   38        100        100          0          0 pfCombinedMVAV2BJetTagsAK4PF
TrigReport     1   39        100        100          0          0 pfCombinedInclusiveSecondaryVertexV2BJetTagsAK4PF
TrigReport     1   40        100        100          0          0 pfSimpleSecondaryVertexHighPurBJetTagsAK4PF
TrigReport     1   41        100        100          0          0 pfSimpleSecondaryVertexHighEffBJetTagsAK4PF
TrigReport     1   42        100        100          0          0 pfJetBProbabilityBJetTagsAK4PF
TrigReport     1   43        100        100          0          0 pfJetProbabilityBJetTagsAK4PF
TrigReport     1   44        100        100          0          0 pfTrackCountingHighPurBJetTagsAK4PF
TrigReport     1   45        100        100          0          0 patJetsAK4PF
TrigReport     1   46        100        100          0          0 selectedPatJetsAK4PF
TrigReport     1   47        100        100          0          0 pfImpactParameterTagInfosAK4PFCHS
TrigReport     1   48        100        100          0          0 pfTrackCountingHighEffBJetTagsAK4PFCHS
TrigReport     1   49        100        100          0          0 pfSecondaryVertexTagInfosAK4PFCHS
TrigReport     1   50        100        100          0          0 pfCombinedSecondaryVertexV2BJetTagsAK4PFCHS
TrigReport     1   51        100        100          0          0 softPFElectronsTagInfosAK4PFCHS
TrigReport     1   52        100        100          0          0 softPFMuonsTagInfosAK4PFCHS
TrigReport     1   53        100        100          0          0 pfInclusiveSecondaryVertexFinderTagInfosAK4PFCHS
TrigReport     1   54        100        100          0          0 pfCombinedMVAV2BJetTagsAK4PFCHS
TrigReport     1   55        100        100          0          0 pfCombinedInclusiveSecondaryVertexV2BJetTagsAK4PFCHS
TrigReport     1   56        100        100          0          0 pfSimpleSecondaryVertexHighPurBJetTagsAK4PFCHS
TrigReport     1   57        100        100          0          0 pfSimpleSecondaryVertexHighEffBJetTagsAK4PFCHS
TrigReport     1   58        100        100          0          0 pfJetBProbabilityBJetTagsAK4PFCHS
TrigReport     1   59        100        100          0          0 pfJetProbabilityBJetTagsAK4PFCHS
TrigReport     1   60        100        100          0          0 pfTrackCountingHighPurBJetTagsAK4PFCHS
TrigReport     1   61        100        100          0          0 patJetsAK4PFCHS
TrigReport     1   62        100        100          0          0 selectedPatJetsAK4PFCHS
TrigReport     1   63        100        100          0          0 pfImpactParameterTagInfosAK4PFPuppi
TrigReport     1   64        100        100          0          0 pfTrackCountingHighEffBJetTagsAK4PFPuppi
TrigReport     1   65        100        100          0          0 pfSecondaryVertexTagInfosAK4PFPuppi
TrigReport     1   66        100        100          0          0 pfCombinedSecondaryVertexV2BJetTagsAK4PFPuppi
TrigReport     1   67        100        100          0          0 softPFElectronsTagInfosAK4PFPuppi
TrigReport     1   68        100        100          0          0 softPFMuonsTagInfosAK4PFPuppi
TrigReport     1   69        100        100          0          0 pfInclusiveSecondaryVertexFinderTagInfosAK4PFPuppi
TrigReport     1   70        100        100          0          0 pfCombinedMVAV2BJetTagsAK4PFPuppi
TrigReport     1   71        100        100          0          0 pfCombinedInclusiveSecondaryVertexV2BJetTagsAK4PFPuppi
TrigReport     1   72        100        100          0          0 pfSimpleSecondaryVertexHighPurBJetTagsAK4PFPuppi
TrigReport     1   73        100        100          0          0 pfSimpleSecondaryVertexHighEffBJetTagsAK4PFPuppi
TrigReport     1   74        100        100          0          0 pfJetBProbabilityBJetTagsAK4PFPuppi
TrigReport     1   75        100        100          0          0 pfJetProbabilityBJetTagsAK4PFPuppi
TrigReport     1   76        100        100          0          0 pfTrackCountingHighPurBJetTagsAK4PFPuppi
TrigReport     1   77        100        100          0          0 patJetsAK4PFPuppi
TrigReport     1   78        100        100          0          0 selectedPatJetsAK4PFPuppi
TrigReport     1   79        100        100          0          0 pfImpactParameterTagInfosAK8PF
TrigReport     1   80        100        100          0          0 pfTrackCountingHighEffBJetTagsAK8PF
TrigReport     1   81        100        100          0          0 pfSecondaryVertexTagInfosAK8PF
TrigReport     1   82        100        100          0          0 pfCombinedSecondaryVertexV2BJetTagsAK8PF
TrigReport     1   83        100        100          0          0 softPFElectronsTagInfosAK8PF
TrigReport     1   84        100        100          0          0 softPFMuonsTagInfosAK8PF
TrigReport     1   85        100        100          0          0 pfInclusiveSecondaryVertexFinderTagInfosAK8PF
TrigReport     1   86        100        100          0          0 pfCombinedMVAV2BJetTagsAK8PF
TrigReport     1   87        100        100          0          0 pfCombinedInclusiveSecondaryVertexV2BJetTagsAK8PF
TrigReport     1   88        100        100          0          0 pfSimpleSecondaryVertexHighPurBJetTagsAK8PF
TrigReport     1   89        100        100          0          0 pfSimpleSecondaryVertexHighEffBJetTagsAK8PF
TrigReport     1   90        100        100          0          0 pfJetBProbabilityBJetTagsAK8PF
TrigReport     1   91        100        100          0          0 pfJetProbabilityBJetTagsAK8PF
TrigReport     1   92        100        100          0          0 pfTrackCountingHighPurBJetTagsAK8PF
TrigReport     1   93        100        100          0          0 patJetsAK8PF
TrigReport     1   94        100        100          0          0 selectedPatJetsAK8PF
TrigReport     1   95        100        100          0          0 pfImpactParameterTagInfosAK8PFCHS
TrigReport     1   96        100        100          0          0 pfTrackCountingHighEffBJetTagsAK8PFCHS
TrigReport     1   97        100        100          0          0 pfSecondaryVertexTagInfosAK8PFCHS
TrigReport     1   98        100        100          0          0 pfCombinedSecondaryVertexV2BJetTagsAK8PFCHS
TrigReport     1   99        100        100          0          0 softPFElectronsTagInfosAK8PFCHS
TrigReport     1  100        100        100          0          0 softPFMuonsTagInfosAK8PFCHS
TrigReport     1  101        100        100          0          0 pfInclusiveSecondaryVertexFinderTagInfosAK8PFCHS
TrigReport     1  102        100        100          0          0 pfCombinedMVAV2BJetTagsAK8PFCHS
TrigReport     1  103        100        100          0          0 pfCombinedInclusiveSecondaryVertexV2BJetTagsAK8PFCHS
TrigReport     1  104        100        100          0          0 pfSimpleSecondaryVertexHighPurBJetTagsAK8PFCHS
TrigReport     1  105        100        100          0          0 pfSimpleSecondaryVertexHighEffBJetTagsAK8PFCHS
TrigReport     1  106        100        100          0          0 pfJetBProbabilityBJetTagsAK8PFCHS
TrigReport     1  107        100        100          0          0 pfJetProbabilityBJetTagsAK8PFCHS
TrigReport     1  108        100        100          0          0 pfTrackCountingHighPurBJetTagsAK8PFCHS
TrigReport     1  109        100        100          0          0 patJetsAK8PFCHS
TrigReport     1  110        100        100          0          0 selectedPatJetsAK8PFCHS
TrigReport     1  111        100        100          0          0 pfImpactParameterTagInfosAK8PFPuppi
TrigReport     1  112        100        100          0          0 pfTrackCountingHighEffBJetTagsAK8PFPuppi
TrigReport     1  113        100        100          0          0 pfSecondaryVertexTagInfosAK8PFPuppi
TrigReport     1  114        100        100          0          0 pfCombinedSecondaryVertexV2BJetTagsAK8PFPuppi
TrigReport     1  115        100        100          0          0 softPFElectronsTagInfosAK8PFPuppi
TrigReport     1  116        100        100          0          0 softPFMuonsTagInfosAK8PFPuppi
TrigReport     1  117        100        100          0          0 pfInclusiveSecondaryVertexFinderTagInfosAK8PFPuppi
TrigReport     1  118        100        100          0          0 pfCombinedMVAV2BJetTagsAK8PFPuppi
TrigReport     1  119        100        100          0          0 pfCombinedInclusiveSecondaryVertexV2BJetTagsAK8PFPuppi
TrigReport     1  120        100        100          0          0 pfSimpleSecondaryVertexHighPurBJetTagsAK8PFPuppi
TrigReport     1  121        100        100          0          0 pfSimpleSecondaryVertexHighEffBJetTagsAK8PFPuppi
TrigReport     1  122        100        100          0          0 pfJetBProbabilityBJetTagsAK8PFPuppi
TrigReport     1  123        100        100          0          0 pfJetProbabilityBJetTagsAK8PFPuppi
TrigReport     1  124        100        100          0          0 pfTrackCountingHighPurBJetTagsAK8PFPuppi
TrigReport     1  125        100        100          0          0 patJetsAK8PFPuppi
TrigReport     1  126        100        100          0          0 selectedPatJetsAK8PFPuppi
TrigReport     1  127        100        100          0          0 packedPFCandidatesCHSNotFromPV
TrigReport     1  128        100        100          0          0 nEventsFiltered
TrigReport     1  129        100        100          0          0 nNegEventsFiltered
TrigReport     1  130        100        100          0          0 packedPFCandidatesCHS

TrigReport ------ Modules in End-Path: endpath ------------
TrigReport  Trig Bit#    Visited     Passed     Failed      Error Name
TrigReport     0    0        100        100          0          0 kappaTuple

TrigReport ---------- Module Summary ------------
TrigReport    Visited   Executed     Passed     Failed      Error Name
TrigReport        100        100        100          0          0 AK4PFCHSpileupJetIdCalculator
TrigReport        100        100        100          0          0 AK4PFCHSpileupJetIdEvaluator
TrigReport        100        100        100          0          0 TriggerResults
TrigReport        100        100        100          0          0 ak4PFJets
TrigReport        100        100        100          0          0 ak4PFJetsCHS
TrigReport        100        100        100          0          0 ak4PFJetsCHSConstituents
TrigReport        100        100        100          0          0 ak4PFJetsConstituents
TrigReport        100        100        100          0          0 ak4PFJetsPuppi
TrigReport        100        100        100          0          0 ak4PFJetsPuppiConstituents
TrigReport        100        100        100          0          0 ak8PFJets
TrigReport        100        100        100          0          0 ak8PFJetsCHS
TrigReport        100        100        100          0          0 ak8PFJetsCHSConstituents
TrigReport        100        100        100          0          0 ak8PFJetsConstituents
TrigReport        100        100        100          0          0 ak8PFJetsPuppi
TrigReport        100        100        100          0          0 ak8PFJetsPuppiConstituents
TrigReport        200        100        100          0          0 chs
TrigReport        100        100        100          0          0 endpath
TrigReport        100        100        100          0          0 kappaTuple
TrigReport          0          0          0          0          0 muPFIsoDepositCharged
TrigReport          0          0          0          0          0 muPFIsoDepositChargedAll
TrigReport          0          0          0          0          0 muPFIsoDepositGamma
TrigReport          0          0          0          0          0 muPFIsoDepositNeutral
TrigReport          0          0          0          0          0 muPFIsoDepositPU
TrigReport          0          0          0          0          0 muPFIsoValueCharged03
TrigReport          0          0          0          0          0 muPFIsoValueCharged03PFIso
TrigReport          0          0          0          0          0 muPFIsoValueCharged04
TrigReport          0          0          0          0          0 muPFIsoValueChargedAll03
TrigReport          0          0          0          0          0 muPFIsoValueChargedAll03PFIso
TrigReport          0          0          0          0          0 muPFIsoValueChargedAll04
TrigReport          0          0          0          0          0 muPFIsoValueGamma03
TrigReport          0          0          0          0          0 muPFIsoValueGamma03PFIso
TrigReport          0          0          0          0          0 muPFIsoValueGamma04
TrigReport          0          0          0          0          0 muPFIsoValueGammaHighThreshold03
TrigReport          0          0          0          0          0 muPFIsoValueGammaHighThreshold04
TrigReport          0          0          0          0          0 muPFIsoValueNeutral03
TrigReport          0          0          0          0          0 muPFIsoValueNeutral03PFIso
TrigReport          0          0          0          0          0 muPFIsoValueNeutral04
TrigReport          0          0          0          0          0 muPFIsoValueNeutralHighThreshold03
TrigReport          0          0          0          0          0 muPFIsoValueNeutralHighThreshold04
TrigReport          0          0          0          0          0 muPFIsoValuePU03
TrigReport          0          0          0          0          0 muPFIsoValuePU03PFIso
TrigReport          0          0          0          0          0 muPFIsoValuePU04
TrigReport          0          0          0          0          0 muPFMeanDRIsoValueCharged03
TrigReport          0          0          0          0          0 muPFMeanDRIsoValueCharged04
TrigReport          0          0          0          0          0 muPFMeanDRIsoValueChargedAll03
TrigReport          0          0          0          0          0 muPFMeanDRIsoValueChargedAll04
TrigReport          0          0          0          0          0 muPFMeanDRIsoValueGamma03
TrigReport          0          0          0          0          0 muPFMeanDRIsoValueGamma04
TrigReport          0          0          0          0          0 muPFMeanDRIsoValueGammaHighThreshold03
TrigReport          0          0          0          0          0 muPFMeanDRIsoValueGammaHighThreshold04
TrigReport          0          0          0          0          0 muPFMeanDRIsoValueNeutral03
TrigReport          0          0          0          0          0 muPFMeanDRIsoValueNeutral04
TrigReport          0          0          0          0          0 muPFMeanDRIsoValueNeutralHighThreshold03
TrigReport          0          0          0          0          0 muPFMeanDRIsoValueNeutralHighThreshold04
TrigReport          0          0          0          0          0 muPFMeanDRIsoValuePU03
TrigReport          0          0          0          0          0 muPFMeanDRIsoValuePU04
TrigReport          0          0          0          0          0 muPFSumDRIsoValueCharged03
TrigReport          0          0          0          0          0 muPFSumDRIsoValueCharged04
TrigReport          0          0          0          0          0 muPFSumDRIsoValueChargedAll03
TrigReport          0          0          0          0          0 muPFSumDRIsoValueChargedAll04
TrigReport          0          0          0          0          0 muPFSumDRIsoValueGamma03
TrigReport          0          0          0          0          0 muPFSumDRIsoValueGamma04
TrigReport          0          0          0          0          0 muPFSumDRIsoValueGammaHighThreshold03
TrigReport          0          0          0          0          0 muPFSumDRIsoValueGammaHighThreshold04
TrigReport          0          0          0          0          0 muPFSumDRIsoValueNeutral03
TrigReport          0          0          0          0          0 muPFSumDRIsoValueNeutral04
TrigReport          0          0          0          0          0 muPFSumDRIsoValueNeutralHighThreshold03
TrigReport          0          0          0          0          0 muPFSumDRIsoValueNeutralHighThreshold04
TrigReport          0          0          0          0          0 muPFSumDRIsoValuePU03
TrigReport          0          0          0          0          0 muPFSumDRIsoValuePU04
TrigReport        100        100        100          0          0 nEventsFiltered
TrigReport        100        100        100          0          0 nEventsTotal
TrigReport        100        100        100          0          0 nNegEventsFiltered
TrigReport        100        100        100          0          0 nNegEventsTotal
TrigReport        100        100        100          0          0 packedPFCandidatesCHS
TrigReport        100        100        100          0          0 packedPFCandidatesCHSNotFromPV
TrigReport          0          0          0          0          0 patJetGenJetMatchAK4PF
TrigReport          0          0          0          0          0 patJetGenJetMatchAK4PFCHS
TrigReport          0          0          0          0          0 patJetGenJetMatchAK4PFPuppi
TrigReport          0          0          0          0          0 patJetGenJetMatchAK8PF
TrigReport          0          0          0          0          0 patJetGenJetMatchAK8PFCHS
TrigReport          0          0          0          0          0 patJetGenJetMatchAK8PFPuppi
TrigReport          0          0          0          0          0 patJetPartonMatchAK4PF
TrigReport          0          0          0          0          0 patJetPartonMatchAK4PFCHS
TrigReport          0          0          0          0          0 patJetPartonMatchAK4PFPuppi
TrigReport          0          0          0          0          0 patJetPartonMatchAK8PF
TrigReport          0          0          0          0          0 patJetPartonMatchAK8PFCHS
TrigReport          0          0          0          0          0 patJetPartonMatchAK8PFPuppi
TrigReport        100        100        100          0          0 patJetsAK4PF
TrigReport        100        100        100          0          0 patJetsAK4PFCHS
TrigReport        100        100        100          0          0 patJetsAK4PFPuppi
TrigReport        100        100        100          0          0 patJetsAK8PF
TrigReport        100        100        100          0          0 patJetsAK8PFCHS
TrigReport        100        100        100          0          0 patJetsAK8PFPuppi
TrigReport        100        100        100          0          0 path
TrigReport        100        100        100          0          0 pfAllChargedHadrons
TrigReport        100        100        100          0          0 pfAllChargedParticles
TrigReport        100        100        100          0          0 pfAllNeutralHadrons
TrigReport        100        100        100          0          0 pfAllNeutralHadronsAndPhotons
TrigReport        100        100        100          0          0 pfAllPhotons
TrigReport        100        100        100          0          0 pfCombinedInclusiveSecondaryVertexV2BJetTagsAK4PF
TrigReport        100        100        100          0          0 pfCombinedInclusiveSecondaryVertexV2BJetTagsAK4PFCHS
TrigReport        100        100        100          0          0 pfCombinedInclusiveSecondaryVertexV2BJetTagsAK4PFPuppi
TrigReport        100        100        100          0          0 pfCombinedInclusiveSecondaryVertexV2BJetTagsAK8PF
TrigReport        100        100        100          0          0 pfCombinedInclusiveSecondaryVertexV2BJetTagsAK8PFCHS
TrigReport        100        100        100          0          0 pfCombinedInclusiveSecondaryVertexV2BJetTagsAK8PFPuppi
TrigReport        100        100        100          0          0 pfCombinedMVAV2BJetTagsAK4PF
TrigReport        100        100        100          0          0 pfCombinedMVAV2BJetTagsAK4PFCHS
TrigReport        100        100        100          0          0 pfCombinedMVAV2BJetTagsAK4PFPuppi
TrigReport        100        100        100          0          0 pfCombinedMVAV2BJetTagsAK8PF
TrigReport        100        100        100          0          0 pfCombinedMVAV2BJetTagsAK8PFCHS
TrigReport        100        100        100          0          0 pfCombinedMVAV2BJetTagsAK8PFPuppi
TrigReport        100        100        100          0          0 pfCombinedSecondaryVertexV2BJetTagsAK4PF
TrigReport        100        100        100          0          0 pfCombinedSecondaryVertexV2BJetTagsAK4PFCHS
TrigReport        100        100        100          0          0 pfCombinedSecondaryVertexV2BJetTagsAK4PFPuppi
TrigReport        100        100        100          0          0 pfCombinedSecondaryVertexV2BJetTagsAK8PF
TrigReport        100        100        100          0          0 pfCombinedSecondaryVertexV2BJetTagsAK8PFCHS
TrigReport        100        100        100          0          0 pfCombinedSecondaryVertexV2BJetTagsAK8PFPuppi
TrigReport        100        100        100          0          0 pfFilter
TrigReport        100        100        100          0          0 pfImpactParameterTagInfosAK4PF
TrigReport        100        100        100          0          0 pfImpactParameterTagInfosAK4PFCHS
TrigReport        100        100        100          0          0 pfImpactParameterTagInfosAK4PFPuppi
TrigReport        100        100        100          0          0 pfImpactParameterTagInfosAK8PF
TrigReport        100        100        100          0          0 pfImpactParameterTagInfosAK8PFCHS
TrigReport        100        100        100          0          0 pfImpactParameterTagInfosAK8PFPuppi
TrigReport        100        100        100          0          0 pfInclusiveSecondaryVertexFinderTagInfosAK4PF
TrigReport        100        100        100          0          0 pfInclusiveSecondaryVertexFinderTagInfosAK4PFCHS
TrigReport        100        100        100          0          0 pfInclusiveSecondaryVertexFinderTagInfosAK4PFPuppi
TrigReport        100        100        100          0          0 pfInclusiveSecondaryVertexFinderTagInfosAK8PF
TrigReport        100        100        100          0          0 pfInclusiveSecondaryVertexFinderTagInfosAK8PFCHS
TrigReport        100        100        100          0          0 pfInclusiveSecondaryVertexFinderTagInfosAK8PFPuppi
TrigReport        100        100        100          0          0 pfJetBProbabilityBJetTagsAK4PF
TrigReport        100        100        100          0          0 pfJetBProbabilityBJetTagsAK4PFCHS
TrigReport        100        100        100          0          0 pfJetBProbabilityBJetTagsAK4PFPuppi
TrigReport        100        100        100          0          0 pfJetBProbabilityBJetTagsAK8PF
TrigReport        100        100        100          0          0 pfJetBProbabilityBJetTagsAK8PFCHS
TrigReport        100        100        100          0          0 pfJetBProbabilityBJetTagsAK8PFPuppi
TrigReport        100        100        100          0          0 pfJetProbabilityBJetTagsAK4PF
TrigReport        100        100        100          0          0 pfJetProbabilityBJetTagsAK4PFCHS
TrigReport        100        100        100          0          0 pfJetProbabilityBJetTagsAK4PFPuppi
TrigReport        100        100        100          0          0 pfJetProbabilityBJetTagsAK8PF
TrigReport        100        100        100          0          0 pfJetProbabilityBJetTagsAK8PFCHS
TrigReport        100        100        100          0          0 pfJetProbabilityBJetTagsAK8PFPuppi
TrigReport        100        100        100          0          0 pfNoPileUp
TrigReport        100        100        100          0          0 pfNoPileUpIso
TrigReport        100        100        100          0          0 pfPileUp
TrigReport        100        100        100          0          0 pfPileUpAllChargedParticles
TrigReport        100        100        100          0          0 pfPileUpIso
TrigReport        100        100        100          0          0 pfSecondaryVertexTagInfosAK4PF
TrigReport        100        100        100          0          0 pfSecondaryVertexTagInfosAK4PFCHS
TrigReport        100        100        100          0          0 pfSecondaryVertexTagInfosAK4PFPuppi
TrigReport        100        100        100          0          0 pfSecondaryVertexTagInfosAK8PF
TrigReport        100        100        100          0          0 pfSecondaryVertexTagInfosAK8PFCHS
TrigReport        100        100        100          0          0 pfSecondaryVertexTagInfosAK8PFPuppi
TrigReport        100        100        100          0          0 pfSimpleSecondaryVertexHighEffBJetTagsAK4PF
TrigReport        100        100        100          0          0 pfSimpleSecondaryVertexHighEffBJetTagsAK4PFCHS
TrigReport        100        100        100          0          0 pfSimpleSecondaryVertexHighEffBJetTagsAK4PFPuppi
TrigReport        100        100        100          0          0 pfSimpleSecondaryVertexHighEffBJetTagsAK8PF
TrigReport        100        100        100          0          0 pfSimpleSecondaryVertexHighEffBJetTagsAK8PFCHS
TrigReport        100        100        100          0          0 pfSimpleSecondaryVertexHighEffBJetTagsAK8PFPuppi
TrigReport        100        100        100          0          0 pfSimpleSecondaryVertexHighPurBJetTagsAK4PF
TrigReport        100        100        100          0          0 pfSimpleSecondaryVertexHighPurBJetTagsAK4PFCHS
TrigReport        100        100        100          0          0 pfSimpleSecondaryVertexHighPurBJetTagsAK4PFPuppi
TrigReport        100        100        100          0          0 pfSimpleSecondaryVertexHighPurBJetTagsAK8PF
TrigReport        100        100        100          0          0 pfSimpleSecondaryVertexHighPurBJetTagsAK8PFCHS
TrigReport        100        100        100          0          0 pfSimpleSecondaryVertexHighPurBJetTagsAK8PFPuppi
TrigReport        100        100        100          0          0 pfTrackCountingHighEffBJetTagsAK4PF
TrigReport        100        100        100          0          0 pfTrackCountingHighEffBJetTagsAK4PFCHS
TrigReport        100        100        100          0          0 pfTrackCountingHighEffBJetTagsAK4PFPuppi
TrigReport        100        100        100          0          0 pfTrackCountingHighEffBJetTagsAK8PF
TrigReport        100        100        100          0          0 pfTrackCountingHighEffBJetTagsAK8PFCHS
TrigReport        100        100        100          0          0 pfTrackCountingHighEffBJetTagsAK8PFPuppi
TrigReport        100        100        100          0          0 pfTrackCountingHighPurBJetTagsAK4PF
TrigReport        100        100        100          0          0 pfTrackCountingHighPurBJetTagsAK4PFCHS
TrigReport        100        100        100          0          0 pfTrackCountingHighPurBJetTagsAK4PFPuppi
TrigReport        100        100        100          0          0 pfTrackCountingHighPurBJetTagsAK8PF
TrigReport        100        100        100          0          0 pfTrackCountingHighPurBJetTagsAK8PFCHS
TrigReport        100        100        100          0          0 pfTrackCountingHighPurBJetTagsAK8PFPuppi
TrigReport        200        100        100          0          0 puppi
TrigReport        100        100        100          0          0 selectedPatJetsAK4PF
TrigReport        100        100        100          0          0 selectedPatJetsAK4PFCHS
TrigReport        100        100        100          0          0 selectedPatJetsAK4PFPuppi
TrigReport        100        100        100          0          0 selectedPatJetsAK8PF
TrigReport        100        100        100          0          0 selectedPatJetsAK8PFCHS
TrigReport        100        100        100          0          0 selectedPatJetsAK8PFPuppi
TrigReport        100        100        100          0          0 softPFElectronsTagInfosAK4PF
TrigReport        100        100        100          0          0 softPFElectronsTagInfosAK4PFCHS
TrigReport        100        100        100          0          0 softPFElectronsTagInfosAK4PFPuppi
TrigReport        100        100        100          0          0 softPFElectronsTagInfosAK8PF
TrigReport        100        100        100          0          0 softPFElectronsTagInfosAK8PFCHS
TrigReport        100        100        100          0          0 softPFElectronsTagInfosAK8PFPuppi
TrigReport        100        100        100          0          0 softPFMuonsTagInfosAK4PF
TrigReport        100        100        100          0          0 softPFMuonsTagInfosAK4PFCHS
TrigReport        100        100        100          0          0 softPFMuonsTagInfosAK4PFPuppi
TrigReport        100        100        100          0          0 softPFMuonsTagInfosAK8PF
TrigReport        100        100        100          0          0 softPFMuonsTagInfosAK8PFCHS
TrigReport        100        100        100          0          0 softPFMuonsTagInfosAK8PFPuppi
TrigReport          0          0          0          0          0 unpackedTracksAndVertices

TimeReport ---------- Event  Summary ---[sec]----
TimeReport       event loop CPU/event = 0.346576
TimeReport      event loop Real/event = 0.427586
TimeReport     sum Streams Real/event = 0.408914
TimeReport efficiency CPU/Real/thread = 0.810540

TimeReport ---------- Path   Summary ---[Real sec]----
TimeReport  per event     per exec  Name
TimeReport   0.401835     0.401835  path
TimeReport  per event     per exec  Name

TimeReport -------End-Path   Summary ---[Real sec]----
TimeReport  per event     per exec  Name
TimeReport   0.398869     0.398869  endpath
TimeReport  per event     per exec  Name

TimeReport ---------- Modules in Path: path ---[Real sec]----
TimeReport  per event    per visit  Name
TimeReport   0.000000     0.000000  nEventsTotal
TimeReport   0.000000     0.000000  nNegEventsTotal
TimeReport   0.000055     0.000055  pfFilter
TimeReport   0.019637     0.019637  pfNoPileUpIso
TimeReport   0.001477     0.001477  pfPileUpIso
TimeReport   0.001468     0.001468  pfPileUp
TimeReport   0.001470     0.001470  pfNoPileUp
TimeReport   0.002371     0.002371  pfAllNeutralHadrons
TimeReport   0.002258     0.002258  pfAllChargedHadrons
TimeReport   0.000654     0.000654  pfAllPhotons
TimeReport   0.003298     0.003298  pfAllChargedParticles
TimeReport   0.000540     0.000540  pfPileUpAllChargedParticles
TimeReport   0.002827     0.002827  pfAllNeutralHadronsAndPhotons
TimeReport   0.015995     0.015995  ak4PFJets
TimeReport   0.000219     0.000219  ak4PFJetsConstituents
TimeReport   0.001519     0.001519  chs
TimeReport   0.013917     0.013917  ak4PFJetsCHS
TimeReport   0.000122     0.000122  ak4PFJetsCHSConstituents
TimeReport   0.002916     0.002916  AK4PFCHSpileupJetIdCalculator
TimeReport   0.000966     0.000966  AK4PFCHSpileupJetIdEvaluator
TimeReport   0.065444     0.065444  puppi
TimeReport   0.012230     0.012230  ak4PFJetsPuppi
TimeReport   0.000017     0.000017  ak4PFJetsPuppiConstituents
TimeReport   0.018466     0.018466  ak8PFJets
TimeReport   0.000226     0.000226  ak8PFJetsConstituents
TimeReport   0.000000     0.000000  chs
TimeReport   0.016722     0.016722  ak8PFJetsCHS
TimeReport   0.000152     0.000152  ak8PFJetsCHSConstituents
TimeReport   0.000000     0.000000  puppi
TimeReport   0.015298     0.015298  ak8PFJetsPuppi
TimeReport   0.000028     0.000028  ak8PFJetsPuppiConstituents
TimeReport   0.112462     0.112462  pfImpactParameterTagInfosAK4PF
TimeReport   0.000098     0.000098  pfTrackCountingHighEffBJetTagsAK4PF
TimeReport   0.002532     0.002532  pfSecondaryVertexTagInfosAK4PF
TimeReport   0.002341     0.002341  pfCombinedSecondaryVertexV2BJetTagsAK4PF
TimeReport   0.000183     0.000183  softPFElectronsTagInfosAK4PF
TimeReport   0.000097     0.000097  softPFMuonsTagInfosAK4PF
TimeReport   0.000292     0.000292  pfInclusiveSecondaryVertexFinderTagInfosAK4PF
TimeReport   0.002394     0.002394  pfCombinedMVAV2BJetTagsAK4PF
TimeReport   0.000790     0.000790  pfCombinedInclusiveSecondaryVertexV2BJetTagsAK4PF
TimeReport   0.000072     0.000072  pfSimpleSecondaryVertexHighPurBJetTagsAK4PF
TimeReport   0.000064     0.000064  pfSimpleSecondaryVertexHighEffBJetTagsAK4PF
TimeReport   0.000085     0.000085  pfJetBProbabilityBJetTagsAK4PF
TimeReport   0.000082     0.000082  pfJetProbabilityBJetTagsAK4PF
TimeReport   0.000072     0.000072  pfTrackCountingHighPurBJetTagsAK4PF
TimeReport   0.001313     0.001313  patJetsAK4PF
TimeReport   0.000494     0.000494  selectedPatJetsAK4PF
TimeReport   0.008693     0.008693  pfImpactParameterTagInfosAK4PFCHS
TimeReport   0.000067     0.000067  pfTrackCountingHighEffBJetTagsAK4PFCHS
TimeReport   0.001839     0.001839  pfSecondaryVertexTagInfosAK4PFCHS
TimeReport   0.000558     0.000558  pfCombinedSecondaryVertexV2BJetTagsAK4PFCHS
TimeReport   0.000047     0.000047  softPFElectronsTagInfosAK4PFCHS
TimeReport   0.000077     0.000077  softPFMuonsTagInfosAK4PFCHS
TimeReport   0.000218     0.000218  pfInclusiveSecondaryVertexFinderTagInfosAK4PFCHS
TimeReport   0.001597     0.001597  pfCombinedMVAV2BJetTagsAK4PFCHS
TimeReport   0.000535     0.000535  pfCombinedInclusiveSecondaryVertexV2BJetTagsAK4PFCHS
TimeReport   0.000054     0.000054  pfSimpleSecondaryVertexHighPurBJetTagsAK4PFCHS
TimeReport   0.000048     0.000048  pfSimpleSecondaryVertexHighEffBJetTagsAK4PFCHS
TimeReport   0.000065     0.000065  pfJetBProbabilityBJetTagsAK4PFCHS
TimeReport   0.000062     0.000062  pfJetProbabilityBJetTagsAK4PFCHS
TimeReport   0.000054     0.000054  pfTrackCountingHighPurBJetTagsAK4PFCHS
TimeReport   0.001201     0.001201  patJetsAK4PFCHS
TimeReport   0.000463     0.000463  selectedPatJetsAK4PFCHS
TimeReport   0.001713     0.001713  pfImpactParameterTagInfosAK4PFPuppi
TimeReport   0.000017     0.000017  pfTrackCountingHighEffBJetTagsAK4PFPuppi
TimeReport   0.001146     0.001146  pfSecondaryVertexTagInfosAK4PFPuppi
TimeReport   0.000158     0.000158  pfCombinedSecondaryVertexV2BJetTagsAK4PFPuppi
TimeReport   0.000015     0.000015  softPFElectronsTagInfosAK4PFPuppi
TimeReport   0.000010     0.000010  softPFMuonsTagInfosAK4PFPuppi
TimeReport   0.000098     0.000098  pfInclusiveSecondaryVertexFinderTagInfosAK4PFPuppi
TimeReport   0.000340     0.000340  pfCombinedMVAV2BJetTagsAK4PFPuppi
TimeReport   0.000138     0.000138  pfCombinedInclusiveSecondaryVertexV2BJetTagsAK4PFPuppi
TimeReport   0.000009     0.000009  pfSimpleSecondaryVertexHighPurBJetTagsAK4PFPuppi
TimeReport   0.000007     0.000007  pfSimpleSecondaryVertexHighEffBJetTagsAK4PFPuppi
TimeReport   0.000013     0.000013  pfJetBProbabilityBJetTagsAK4PFPuppi
TimeReport   0.000013     0.000013  pfJetProbabilityBJetTagsAK4PFPuppi
TimeReport   0.000009     0.000009  pfTrackCountingHighPurBJetTagsAK4PFPuppi
TimeReport   0.000101     0.000101  patJetsAK4PFPuppi
TimeReport   0.000042     0.000042  selectedPatJetsAK4PFPuppi
TimeReport   0.005255     0.005255  pfImpactParameterTagInfosAK8PF
TimeReport   0.000042     0.000042  pfTrackCountingHighEffBJetTagsAK8PF
TimeReport   0.001187     0.001187  pfSecondaryVertexTagInfosAK8PF
TimeReport   0.000357     0.000357  pfCombinedSecondaryVertexV2BJetTagsAK8PF
TimeReport   0.000031     0.000031  softPFElectronsTagInfosAK8PF
TimeReport   0.000076     0.000076  softPFMuonsTagInfosAK8PF
TimeReport   0.000158     0.000158  pfInclusiveSecondaryVertexFinderTagInfosAK8PF
TimeReport   0.000954     0.000954  pfCombinedMVAV2BJetTagsAK8PF
TimeReport   0.000332     0.000332  pfCombinedInclusiveSecondaryVertexV2BJetTagsAK8PF
TimeReport   0.000030     0.000030  pfSimpleSecondaryVertexHighPurBJetTagsAK8PF
TimeReport   0.000025     0.000025  pfSimpleSecondaryVertexHighEffBJetTagsAK8PF
TimeReport   0.000037     0.000037  pfJetBProbabilityBJetTagsAK8PF
TimeReport   0.000035     0.000035  pfJetProbabilityBJetTagsAK8PF
TimeReport   0.000030     0.000030  pfTrackCountingHighPurBJetTagsAK8PF
TimeReport   0.000595     0.000595  patJetsAK8PF
TimeReport   0.000243     0.000243  selectedPatJetsAK8PF
TimeReport   0.004674     0.004674  pfImpactParameterTagInfosAK8PFCHS
TimeReport   0.000039     0.000039  pfTrackCountingHighEffBJetTagsAK8PFCHS
TimeReport   0.001166     0.001166  pfSecondaryVertexTagInfosAK8PFCHS
TimeReport   0.000321     0.000321  pfCombinedSecondaryVertexV2BJetTagsAK8PFCHS
TimeReport   0.000030     0.000030  softPFElectronsTagInfosAK8PFCHS
TimeReport   0.000067     0.000067  softPFMuonsTagInfosAK8PFCHS
TimeReport   0.000149     0.000149  pfInclusiveSecondaryVertexFinderTagInfosAK8PFCHS
TimeReport   0.000882     0.000882  pfCombinedMVAV2BJetTagsAK8PFCHS
TimeReport   0.000302     0.000302  pfCombinedInclusiveSecondaryVertexV2BJetTagsAK8PFCHS
TimeReport   0.000030     0.000030  pfSimpleSecondaryVertexHighPurBJetTagsAK8PFCHS
TimeReport   0.000024     0.000024  pfSimpleSecondaryVertexHighEffBJetTagsAK8PFCHS
TimeReport   0.000035     0.000035  pfJetBProbabilityBJetTagsAK8PFCHS
TimeReport   0.000033     0.000033  pfJetProbabilityBJetTagsAK8PFCHS
TimeReport   0.000028     0.000028  pfTrackCountingHighPurBJetTagsAK8PFCHS
TimeReport   0.000556     0.000556  patJetsAK8PFCHS
TimeReport   0.000228     0.000228  selectedPatJetsAK8PFCHS
TimeReport   0.001852     0.001852  pfImpactParameterTagInfosAK8PFPuppi
TimeReport   0.000017     0.000017  pfTrackCountingHighEffBJetTagsAK8PFPuppi
TimeReport   0.001057     0.001057  pfSecondaryVertexTagInfosAK8PFPuppi
TimeReport   0.000162     0.000162  pfCombinedSecondaryVertexV2BJetTagsAK8PFPuppi
TimeReport   0.000015     0.000015  softPFElectronsTagInfosAK8PFPuppi
TimeReport   0.000012     0.000012  softPFMuonsTagInfosAK8PFPuppi
TimeReport   0.000099     0.000099  pfInclusiveSecondaryVertexFinderTagInfosAK8PFPuppi
TimeReport   0.000354     0.000354  pfCombinedMVAV2BJetTagsAK8PFPuppi
TimeReport   0.000144     0.000144  pfCombinedInclusiveSecondaryVertexV2BJetTagsAK8PFPuppi
TimeReport   0.000010     0.000010  pfSimpleSecondaryVertexHighPurBJetTagsAK8PFPuppi
TimeReport   0.000007     0.000007  pfSimpleSecondaryVertexHighEffBJetTagsAK8PFPuppi
TimeReport   0.000014     0.000014  pfJetBProbabilityBJetTagsAK8PFPuppi
TimeReport   0.000013     0.000013  pfJetProbabilityBJetTagsAK8PFPuppi
TimeReport   0.000010     0.000010  pfTrackCountingHighPurBJetTagsAK8PFPuppi
TimeReport   0.000115     0.000115  patJetsAK8PFPuppi
TimeReport   0.000049     0.000049  selectedPatJetsAK8PFPuppi
TimeReport   0.001471     0.001471  packedPFCandidatesCHSNotFromPV
TimeReport   0.000000     0.000000  nEventsFiltered
TimeReport   0.000000     0.000000  nNegEventsFiltered
TimeReport   0.001480     0.001480  packedPFCandidatesCHS
TimeReport  per event    per visit  Name

TimeReport ------ Modules in End-Path: endpath ---[Real sec]----
TimeReport  per event    per visit  Name
TimeReport   0.005321     0.005321  kappaTuple
TimeReport  per event    per visit  Name

TimeReport ---------- Module Summary ---[Real sec]----
TimeReport  per event     per exec    per visit  Name
TimeReport   0.002916     0.002916     0.002916  AK4PFCHSpileupJetIdCalculator
TimeReport   0.000966     0.000966     0.000966  AK4PFCHSpileupJetIdEvaluator
TimeReport   0.000003     0.000003     0.000003  TriggerResults
TimeReport   0.015995     0.015995     0.015995  ak4PFJets
TimeReport   0.013917     0.013917     0.013917  ak4PFJetsCHS
TimeReport   0.000122     0.000122     0.000122  ak4PFJetsCHSConstituents
TimeReport   0.000219     0.000219     0.000219  ak4PFJetsConstituents
TimeReport   0.012230     0.012230     0.012230  ak4PFJetsPuppi
TimeReport   0.000017     0.000017     0.000017  ak4PFJetsPuppiConstituents
TimeReport   0.018466     0.018466     0.018466  ak8PFJets
TimeReport   0.016722     0.016722     0.016722  ak8PFJetsCHS
TimeReport   0.000152     0.000152     0.000152  ak8PFJetsCHSConstituents
TimeReport   0.000226     0.000226     0.000226  ak8PFJetsConstituents
TimeReport   0.015298     0.015298     0.015298  ak8PFJetsPuppi
TimeReport   0.000028     0.000028     0.000028  ak8PFJetsPuppiConstituents
TimeReport   0.001519     0.001519     0.000760  chs
TimeReport   0.000004     0.000004     0.000004  endpath
TimeReport   0.005321     0.005321     0.005321  kappaTuple
TimeReport   0.000000     0.000000     0.000000  muPFIsoDepositCharged
TimeReport   0.000000     0.000000     0.000000  muPFIsoDepositChargedAll
TimeReport   0.000000     0.000000     0.000000  muPFIsoDepositGamma
TimeReport   0.000000     0.000000     0.000000  muPFIsoDepositNeutral
TimeReport   0.000000     0.000000     0.000000  muPFIsoDepositPU
TimeReport   0.000000     0.000000     0.000000  muPFIsoValueCharged03
TimeReport   0.000000     0.000000     0.000000  muPFIsoValueCharged03PFIso
TimeReport   0.000000     0.000000     0.000000  muPFIsoValueCharged04
TimeReport   0.000000     0.000000     0.000000  muPFIsoValueChargedAll03
TimeReport   0.000000     0.000000     0.000000  muPFIsoValueChargedAll03PFIso
TimeReport   0.000000     0.000000     0.000000  muPFIsoValueChargedAll04
TimeReport   0.000000     0.000000     0.000000  muPFIsoValueGamma03
TimeReport   0.000000     0.000000     0.000000  muPFIsoValueGamma03PFIso
TimeReport   0.000000     0.000000     0.000000  muPFIsoValueGamma04
TimeReport   0.000000     0.000000     0.000000  muPFIsoValueGammaHighThreshold03
TimeReport   0.000000     0.000000     0.000000  muPFIsoValueGammaHighThreshold04
TimeReport   0.000000     0.000000     0.000000  muPFIsoValueNeutral03
TimeReport   0.000000     0.000000     0.000000  muPFIsoValueNeutral03PFIso
TimeReport   0.000000     0.000000     0.000000  muPFIsoValueNeutral04
TimeReport   0.000000     0.000000     0.000000  muPFIsoValueNeutralHighThreshold03
TimeReport   0.000000     0.000000     0.000000  muPFIsoValueNeutralHighThreshold04
TimeReport   0.000000     0.000000     0.000000  muPFIsoValuePU03
TimeReport   0.000000     0.000000     0.000000  muPFIsoValuePU03PFIso
TimeReport   0.000000     0.000000     0.000000  muPFIsoValuePU04
TimeReport   0.000000     0.000000     0.000000  muPFMeanDRIsoValueCharged03
TimeReport   0.000000     0.000000     0.000000  muPFMeanDRIsoValueCharged04
TimeReport   0.000000     0.000000     0.000000  muPFMeanDRIsoValueChargedAll03
TimeReport   0.000000     0.000000     0.000000  muPFMeanDRIsoValueChargedAll04
TimeReport   0.000000     0.000000     0.000000  muPFMeanDRIsoValueGamma03
TimeReport   0.000000     0.000000     0.000000  muPFMeanDRIsoValueGamma04
TimeReport   0.000000     0.000000     0.000000  muPFMeanDRIsoValueGammaHighThreshold03
TimeReport   0.000000     0.000000     0.000000  muPFMeanDRIsoValueGammaHighThreshold04
TimeReport   0.000000     0.000000     0.000000  muPFMeanDRIsoValueNeutral03
TimeReport   0.000000     0.000000     0.000000  muPFMeanDRIsoValueNeutral04
TimeReport   0.000000     0.000000     0.000000  muPFMeanDRIsoValueNeutralHighThreshold03
TimeReport   0.000000     0.000000     0.000000  muPFMeanDRIsoValueNeutralHighThreshold04
TimeReport   0.000000     0.000000     0.000000  muPFMeanDRIsoValuePU03
TimeReport   0.000000     0.000000     0.000000  muPFMeanDRIsoValuePU04
TimeReport   0.000000     0.000000     0.000000  muPFSumDRIsoValueCharged03
TimeReport   0.000000     0.000000     0.000000  muPFSumDRIsoValueCharged04
TimeReport   0.000000     0.000000     0.000000  muPFSumDRIsoValueChargedAll03
TimeReport   0.000000     0.000000     0.000000  muPFSumDRIsoValueChargedAll04
TimeReport   0.000000     0.000000     0.000000  muPFSumDRIsoValueGamma03
TimeReport   0.000000     0.000000     0.000000  muPFSumDRIsoValueGamma04
TimeReport   0.000000     0.000000     0.000000  muPFSumDRIsoValueGammaHighThreshold03
TimeReport   0.000000     0.000000     0.000000  muPFSumDRIsoValueGammaHighThreshold04
TimeReport   0.000000     0.000000     0.000000  muPFSumDRIsoValueNeutral03
TimeReport   0.000000     0.000000     0.000000  muPFSumDRIsoValueNeutral04
TimeReport   0.000000     0.000000     0.000000  muPFSumDRIsoValueNeutralHighThreshold03
TimeReport   0.000000     0.000000     0.000000  muPFSumDRIsoValueNeutralHighThreshold04
TimeReport   0.000000     0.000000     0.000000  muPFSumDRIsoValuePU03
TimeReport   0.000000     0.000000     0.000000  muPFSumDRIsoValuePU04
TimeReport   0.000000     0.000000     0.000000  nEventsFiltered
TimeReport   0.000000     0.000000     0.000000  nEventsTotal
TimeReport   0.000000     0.000000     0.000000  nNegEventsFiltered
TimeReport   0.000000     0.000000     0.000000  nNegEventsTotal
TimeReport   0.001480     0.001480     0.001480  packedPFCandidatesCHS
TimeReport   0.001471     0.001471     0.001471  packedPFCandidatesCHSNotFromPV
TimeReport   0.000000     0.000000     0.000000  patJetGenJetMatchAK4PF
TimeReport   0.000000     0.000000     0.000000  patJetGenJetMatchAK4PFCHS
TimeReport   0.000000     0.000000     0.000000  patJetGenJetMatchAK4PFPuppi
TimeReport   0.000000     0.000000     0.000000  patJetGenJetMatchAK8PF
TimeReport   0.000000     0.000000     0.000000  patJetGenJetMatchAK8PFCHS
TimeReport   0.000000     0.000000     0.000000  patJetGenJetMatchAK8PFPuppi
TimeReport   0.000000     0.000000     0.000000  patJetPartonMatchAK4PF
TimeReport   0.000000     0.000000     0.000000  patJetPartonMatchAK4PFCHS
TimeReport   0.000000     0.000000     0.000000  patJetPartonMatchAK4PFPuppi
TimeReport   0.000000     0.000000     0.000000  patJetPartonMatchAK8PF
TimeReport   0.000000     0.000000     0.000000  patJetPartonMatchAK8PFCHS
TimeReport   0.000000     0.000000     0.000000  patJetPartonMatchAK8PFPuppi
TimeReport   0.001313     0.001313     0.001313  patJetsAK4PF
TimeReport   0.001201     0.001201     0.001201  patJetsAK4PFCHS
TimeReport   0.000101     0.000101     0.000101  patJetsAK4PFPuppi
TimeReport   0.000595     0.000595     0.000595  patJetsAK8PF
TimeReport   0.000556     0.000556     0.000556  patJetsAK8PFCHS
TimeReport   0.000115     0.000115     0.000115  patJetsAK8PFPuppi
TimeReport   0.000002     0.000002     0.000002  path
TimeReport   0.002258     0.002258     0.002258  pfAllChargedHadrons
TimeReport   0.003298     0.003298     0.003298  pfAllChargedParticles
TimeReport   0.002371     0.002371     0.002371  pfAllNeutralHadrons
TimeReport   0.002827     0.002827     0.002827  pfAllNeutralHadronsAndPhotons
TimeReport   0.000654     0.000654     0.000654  pfAllPhotons
TimeReport   0.000790     0.000790     0.000790  pfCombinedInclusiveSecondaryVertexV2BJetTagsAK4PF
TimeReport   0.000535     0.000535     0.000535  pfCombinedInclusiveSecondaryVertexV2BJetTagsAK4PFCHS
TimeReport   0.000138     0.000138     0.000138  pfCombinedInclusiveSecondaryVertexV2BJetTagsAK4PFPuppi
TimeReport   0.000332     0.000332     0.000332  pfCombinedInclusiveSecondaryVertexV2BJetTagsAK8PF
TimeReport   0.000302     0.000302     0.000302  pfCombinedInclusiveSecondaryVertexV2BJetTagsAK8PFCHS
TimeReport   0.000144     0.000144     0.000144  pfCombinedInclusiveSecondaryVertexV2BJetTagsAK8PFPuppi
TimeReport   0.002394     0.002394     0.002394  pfCombinedMVAV2BJetTagsAK4PF
TimeReport   0.001597     0.001597     0.001597  pfCombinedMVAV2BJetTagsAK4PFCHS
TimeReport   0.000340     0.000340     0.000340  pfCombinedMVAV2BJetTagsAK4PFPuppi
TimeReport   0.000954     0.000954     0.000954  pfCombinedMVAV2BJetTagsAK8PF
TimeReport   0.000882     0.000882     0.000882  pfCombinedMVAV2BJetTagsAK8PFCHS
TimeReport   0.000354     0.000354     0.000354  pfCombinedMVAV2BJetTagsAK8PFPuppi
TimeReport   0.002341     0.002341     0.002341  pfCombinedSecondaryVertexV2BJetTagsAK4PF
TimeReport   0.000558     0.000558     0.000558  pfCombinedSecondaryVertexV2BJetTagsAK4PFCHS
TimeReport   0.000158     0.000158     0.000158  pfCombinedSecondaryVertexV2BJetTagsAK4PFPuppi
TimeReport   0.000357     0.000357     0.000357  pfCombinedSecondaryVertexV2BJetTagsAK8PF
TimeReport   0.000321     0.000321     0.000321  pfCombinedSecondaryVertexV2BJetTagsAK8PFCHS
TimeReport   0.000162     0.000162     0.000162  pfCombinedSecondaryVertexV2BJetTagsAK8PFPuppi
TimeReport   0.000055     0.000055     0.000055  pfFilter
TimeReport   0.112462     0.112462     0.112462  pfImpactParameterTagInfosAK4PF
TimeReport   0.008693     0.008693     0.008693  pfImpactParameterTagInfosAK4PFCHS
TimeReport   0.001713     0.001713     0.001713  pfImpactParameterTagInfosAK4PFPuppi
TimeReport   0.005255     0.005255     0.005255  pfImpactParameterTagInfosAK8PF
TimeReport   0.004674     0.004674     0.004674  pfImpactParameterTagInfosAK8PFCHS
TimeReport   0.001852     0.001852     0.001852  pfImpactParameterTagInfosAK8PFPuppi
TimeReport   0.000292     0.000292     0.000292  pfInclusiveSecondaryVertexFinderTagInfosAK4PF
TimeReport   0.000218     0.000218     0.000218  pfInclusiveSecondaryVertexFinderTagInfosAK4PFCHS
TimeReport   0.000098     0.000098     0.000098  pfInclusiveSecondaryVertexFinderTagInfosAK4PFPuppi
TimeReport   0.000158     0.000158     0.000158  pfInclusiveSecondaryVertexFinderTagInfosAK8PF
TimeReport   0.000149     0.000149     0.000149  pfInclusiveSecondaryVertexFinderTagInfosAK8PFCHS
TimeReport   0.000099     0.000099     0.000099  pfInclusiveSecondaryVertexFinderTagInfosAK8PFPuppi
TimeReport   0.000085     0.000085     0.000085  pfJetBProbabilityBJetTagsAK4PF
TimeReport   0.000065     0.000065     0.000065  pfJetBProbabilityBJetTagsAK4PFCHS
TimeReport   0.000013     0.000013     0.000013  pfJetBProbabilityBJetTagsAK4PFPuppi
TimeReport   0.000037     0.000037     0.000037  pfJetBProbabilityBJetTagsAK8PF
TimeReport   0.000035     0.000035     0.000035  pfJetBProbabilityBJetTagsAK8PFCHS
TimeReport   0.000014     0.000014     0.000014  pfJetBProbabilityBJetTagsAK8PFPuppi
TimeReport   0.000082     0.000082     0.000082  pfJetProbabilityBJetTagsAK4PF
TimeReport   0.000062     0.000062     0.000062  pfJetProbabilityBJetTagsAK4PFCHS
TimeReport   0.000013     0.000013     0.000013  pfJetProbabilityBJetTagsAK4PFPuppi
TimeReport   0.000035     0.000035     0.000035  pfJetProbabilityBJetTagsAK8PF
TimeReport   0.000033     0.000033     0.000033  pfJetProbabilityBJetTagsAK8PFCHS
TimeReport   0.000013     0.000013     0.000013  pfJetProbabilityBJetTagsAK8PFPuppi
TimeReport   0.001470     0.001470     0.001470  pfNoPileUp
TimeReport   0.019637     0.019637     0.019637  pfNoPileUpIso
TimeReport   0.001468     0.001468     0.001468  pfPileUp
TimeReport   0.000540     0.000540     0.000540  pfPileUpAllChargedParticles
TimeReport   0.001477     0.001477     0.001477  pfPileUpIso
TimeReport   0.002532     0.002532     0.002532  pfSecondaryVertexTagInfosAK4PF
TimeReport   0.001839     0.001839     0.001839  pfSecondaryVertexTagInfosAK4PFCHS
TimeReport   0.001146     0.001146     0.001146  pfSecondaryVertexTagInfosAK4PFPuppi
TimeReport   0.001187     0.001187     0.001187  pfSecondaryVertexTagInfosAK8PF
TimeReport   0.001166     0.001166     0.001166  pfSecondaryVertexTagInfosAK8PFCHS
TimeReport   0.001057     0.001057     0.001057  pfSecondaryVertexTagInfosAK8PFPuppi
TimeReport   0.000064     0.000064     0.000064  pfSimpleSecondaryVertexHighEffBJetTagsAK4PF
TimeReport   0.000048     0.000048     0.000048  pfSimpleSecondaryVertexHighEffBJetTagsAK4PFCHS
TimeReport   0.000007     0.000007     0.000007  pfSimpleSecondaryVertexHighEffBJetTagsAK4PFPuppi
TimeReport   0.000025     0.000025     0.000025  pfSimpleSecondaryVertexHighEffBJetTagsAK8PF
TimeReport   0.000024     0.000024     0.000024  pfSimpleSecondaryVertexHighEffBJetTagsAK8PFCHS
TimeReport   0.000007     0.000007     0.000007  pfSimpleSecondaryVertexHighEffBJetTagsAK8PFPuppi
TimeReport   0.000072     0.000072     0.000072  pfSimpleSecondaryVertexHighPurBJetTagsAK4PF
TimeReport   0.000054     0.000054     0.000054  pfSimpleSecondaryVertexHighPurBJetTagsAK4PFCHS
TimeReport   0.000009     0.000009     0.000009  pfSimpleSecondaryVertexHighPurBJetTagsAK4PFPuppi
TimeReport   0.000030     0.000030     0.000030  pfSimpleSecondaryVertexHighPurBJetTagsAK8PF
TimeReport   0.000030     0.000030     0.000030  pfSimpleSecondaryVertexHighPurBJetTagsAK8PFCHS
TimeReport   0.000010     0.000010     0.000010  pfSimpleSecondaryVertexHighPurBJetTagsAK8PFPuppi
TimeReport   0.000098     0.000098     0.000098  pfTrackCountingHighEffBJetTagsAK4PF
TimeReport   0.000067     0.000067     0.000067  pfTrackCountingHighEffBJetTagsAK4PFCHS
TimeReport   0.000017     0.000017     0.000017  pfTrackCountingHighEffBJetTagsAK4PFPuppi
TimeReport   0.000042     0.000042     0.000042  pfTrackCountingHighEffBJetTagsAK8PF
TimeReport   0.000039     0.000039     0.000039  pfTrackCountingHighEffBJetTagsAK8PFCHS
TimeReport   0.000017     0.000017     0.000017  pfTrackCountingHighEffBJetTagsAK8PFPuppi
TimeReport   0.000072     0.000072     0.000072  pfTrackCountingHighPurBJetTagsAK4PF
TimeReport   0.000054     0.000054     0.000054  pfTrackCountingHighPurBJetTagsAK4PFCHS
TimeReport   0.000009     0.000009     0.000009  pfTrackCountingHighPurBJetTagsAK4PFPuppi
TimeReport   0.000030     0.000030     0.000030  pfTrackCountingHighPurBJetTagsAK8PF
TimeReport   0.000028     0.000028     0.000028  pfTrackCountingHighPurBJetTagsAK8PFCHS
TimeReport   0.000010     0.000010     0.000010  pfTrackCountingHighPurBJetTagsAK8PFPuppi
TimeReport   0.065444     0.065444     0.032722  puppi
TimeReport   0.000494     0.000494     0.000494  selectedPatJetsAK4PF
TimeReport   0.000463     0.000463     0.000463  selectedPatJetsAK4PFCHS
TimeReport   0.000042     0.000042     0.000042  selectedPatJetsAK4PFPuppi
TimeReport   0.000243     0.000243     0.000243  selectedPatJetsAK8PF
TimeReport   0.000228     0.000228     0.000228  selectedPatJetsAK8PFCHS
TimeReport   0.000049     0.000049     0.000049  selectedPatJetsAK8PFPuppi
TimeReport   0.000183     0.000183     0.000183  softPFElectronsTagInfosAK4PF
TimeReport   0.000047     0.000047     0.000047  softPFElectronsTagInfosAK4PFCHS
TimeReport   0.000015     0.000015     0.000015  softPFElectronsTagInfosAK4PFPuppi
TimeReport   0.000031     0.000031     0.000031  softPFElectronsTagInfosAK8PF
TimeReport   0.000030     0.000030     0.000030  softPFElectronsTagInfosAK8PFCHS
TimeReport   0.000015     0.000015     0.000015  softPFElectronsTagInfosAK8PFPuppi
TimeReport   0.000097     0.000097     0.000097  softPFMuonsTagInfosAK4PF
TimeReport   0.000077     0.000077     0.000077  softPFMuonsTagInfosAK4PFCHS
TimeReport   0.000010     0.000010     0.000010  softPFMuonsTagInfosAK4PFPuppi
TimeReport   0.000076     0.000076     0.000076  softPFMuonsTagInfosAK8PF
TimeReport   0.000067     0.000067     0.000067  softPFMuonsTagInfosAK8PFCHS
TimeReport   0.000012     0.000012     0.000012  softPFMuonsTagInfosAK8PFPuppi
TimeReport   0.000000     0.000000     0.000000  unpackedTracksAndVertices
TimeReport  per event     per exec    per visit  Name

T---Report end!


=============================================

MessageLogger Summary

 type     category        sev    module        subroutine        count    total
 ---- -------------------- -- ---------------- ----------------  -----    -----
    1 KDataInfoProducer    -w KTuple:kappaTupl                       1        1
    2 XrdAdaptor           -w (NoModuleName)                         1        1
    3 XrdAdaptor           -w file_open                              1        1
    4 fileAction           -s file_close                             1        1
    5 fileAction           -s file_open                              2        2

 type    category    Examples: run/evt        run/evt          run/evt
 ---- -------------------- ---------------- ---------------- ----------------
    1 KDataInfoProducer    Run: 316995 Lumi                  
    2 XrdAdaptor           pre-events                        
    3 XrdAdaptor           pre-events                        
    4 fileAction           PostGlobalEndRun                  
    5 fileAction           pre-events       pre-events       

Severity    # Occurrences   Total Occurrences
--------    -------------   -----------------
Warning                 3                   3
System                  3                   3

dropped waiting message count 0
